2025-08-18 01:43:17,854 INFO Set uid to user 0 succeeded
2025-08-18 01:43:17,857 INFO supervisord started with pid 1
2025-08-18 01:43:18,859 INFO spawned: 'php-fpm' with pid 7
2025-08-18 01:43:18,861 INFO spawned: 'nginx' with pid 8
2025-08-18 01:43:18,863 INFO spawned: 'cron' with pid 9
2025-08-18 01:43:18,929 WARN exited: php-fpm (exit status 78; not expected)
2025-08-18 01:43:19,931 INFO spawned: 'php-fpm' with pid 18
2025-08-18 01:43:19,932 INFO success: nginx entered RUNNING state, process has stayed up for > than 1 seconds (startsecs)
2025-08-18 01:43:19,932 INFO success: cron entered RUNNING state, process has stayed up for > than 1 seconds (startsecs)
2025-08-18 01:43:19,954 WARN exited: php-fpm (exit status 78; not expected)
2025-08-18 01:43:21,958 INFO spawned: 'php-fpm' with pid 19
2025-08-18 01:43:21,980 WARN exited: php-fpm (exit status 78; not expected)
2025-08-18 01:43:24,983 INFO spawned: 'php-fpm' with pid 20
2025-08-18 01:43:25,005 WARN exited: php-fpm (exit status 78; not expected)
2025-08-18 01:43:26,006 INFO gave up: php-fpm entered FATAL state, too many start retries too quickly
2025-08-18 01:51:46,801 WARN received SIGQUIT indicating exit request
2025-08-18 01:51:46,802 INFO waiting for nginx, cron to die
2025-08-18 01:51:46,804 WARN stopped: cron (terminated by SIGTERM)
2025-08-18 01:51:46,813 INFO stopped: nginx (exit status 0)
2025-08-18 01:51:48,419 INFO Set uid to user 0 succeeded
2025-08-18 01:51:48,422 INFO supervisord started with pid 1
2025-08-18 01:51:49,427 INFO spawned: 'php-fpm' with pid 7
2025-08-18 01:51:49,431 INFO spawned: 'nginx' with pid 8
2025-08-18 01:51:49,435 INFO spawned: 'cron' with pid 9
2025-08-18 01:51:49,480 WARN exited: php-fpm (exit status 78; not expected)
2025-08-18 01:51:53,411 INFO spawned: 'php-fpm' with pid 18
2025-08-18 01:51:53,412 INFO success: nginx entered RUNNING state, process has stayed up for > than 1 seconds (startsecs)
2025-08-18 01:51:53,412 INFO success: cron entered RUNNING state, process has stayed up for > than 1 seconds (startsecs)
2025-08-18 01:51:53,455 WARN exited: php-fpm (exit status 78; not expected)
2025-08-18 01:51:55,458 INFO spawned: 'php-fpm' with pid 19
2025-08-18 01:51:55,475 WARN exited: php-fpm (exit status 78; not expected)
2025-08-18 01:51:58,479 INFO spawned: 'php-fpm' with pid 20
2025-08-18 01:51:58,496 WARN exited: php-fpm (exit status 78; not expected)
2025-08-18 01:51:59,496 INFO gave up: php-fpm entered FATAL state, too many start retries too quickly
2025-08-18 01:55:28,418 WARN received SIGQUIT indicating exit request
2025-08-18 01:55:28,418 INFO waiting for nginx, cron to die
2025-08-18 01:55:28,419 WARN stopped: cron (terminated by SIGTERM)
2025-08-18 01:55:28,427 INFO stopped: nginx (exit status 0)
2025-08-18 01:55:29,708 INFO Set uid to user 0 succeeded
2025-08-18 01:55:29,711 INFO supervisord started with pid 1
2025-08-18 01:55:30,726 INFO spawned: 'php-fpm' with pid 7
2025-08-18 01:55:30,729 INFO spawned: 'nginx' with pid 8
2025-08-18 01:55:30,739 INFO spawned: 'cron' with pid 9
2025-08-18 01:55:31,793 INFO success: php-fpm entered RUNNING state, process has stayed up for > than 1 seconds (startsecs)
2025-08-18 01:55:31,793 INFO success: nginx entered RUNNING state, process has stayed up for > than 1 seconds (startsecs)
2025-08-18 01:55:31,793 INFO success: cron entered RUNNING state, process has stayed up for > than 1 seconds (startsecs)
2025-08-18 01:55:31,793 WARN exited: php-fpm (exit status 78; not expected)
2025-08-18 01:55:32,796 INFO spawned: 'php-fpm' with pid 18
2025-08-18 01:55:32,818 WARN exited: php-fpm (exit status 78; not expected)
2025-08-18 01:55:33,820 INFO spawned: 'php-fpm' with pid 19
2025-08-18 01:55:33,845 WARN exited: php-fpm (exit status 78; not expected)
2025-08-18 01:55:35,848 INFO spawned: 'php-fpm' with pid 20
2025-08-18 01:55:35,864 WARN exited: php-fpm (exit status 78; not expected)
2025-08-18 01:55:38,868 INFO spawned: 'php-fpm' with pid 21
2025-08-18 01:55:38,885 WARN exited: php-fpm (exit status 78; not expected)
2025-08-18 01:55:39,885 INFO gave up: php-fpm entered FATAL state, too many start retries too quickly
2025-08-18 01:58:18,073 WARN received SIGQUIT indicating exit request
2025-08-18 01:58:18,073 INFO waiting for nginx, cron to die
2025-08-18 01:58:18,074 WARN stopped: cron (terminated by SIGTERM)
2025-08-18 01:58:18,081 INFO stopped: nginx (exit status 0)
2025-08-18 01:58:19,101 INFO Set uid to user 0 succeeded
2025-08-18 01:58:19,103 INFO supervisord started with pid 1
2025-08-18 01:58:20,106 INFO spawned: 'php-fpm' with pid 7
2025-08-18 01:58:20,108 INFO spawned: 'nginx' with pid 8
2025-08-18 01:58:20,111 INFO spawned: 'cron' with pid 9
2025-08-18 01:58:20,138 WARN exited: php-fpm (exit status 78; not expected)
2025-08-18 01:58:21,140 INFO spawned: 'php-fpm' with pid 18
2025-08-18 01:58:21,140 INFO success: nginx entered RUNNING state, process has stayed up for > than 1 seconds (startsecs)
2025-08-18 01:58:21,140 INFO success: cron entered RUNNING state, process has stayed up for > than 1 seconds (startsecs)
2025-08-18 01:58:21,157 WARN exited: php-fpm (exit status 78; not expected)
2025-08-18 01:58:23,160 INFO spawned: 'php-fpm' with pid 19
2025-08-18 01:58:23,177 WARN exited: php-fpm (exit status 78; not expected)
2025-08-18 01:58:26,181 INFO spawned: 'php-fpm' with pid 20
2025-08-18 01:58:26,199 WARN exited: php-fpm (exit status 78; not expected)
2025-08-18 01:58:30,184 INFO gave up: php-fpm entered FATAL state, too many start retries too quickly
2025-08-18 02:01:10,199 WARN received SIGQUIT indicating exit request
2025-08-18 02:01:10,200 INFO waiting for nginx, cron to die
2025-08-18 02:01:10,201 WARN stopped: cron (terminated by SIGTERM)
2025-08-18 02:01:10,213 INFO stopped: nginx (exit status 0)
2025-08-18 02:01:14,864 INFO Set uid to user 0 succeeded
2025-08-18 02:01:14,868 INFO supervisord started with pid 1
2025-08-18 02:01:15,871 INFO spawned: 'php-fpm' with pid 7
2025-08-18 02:01:15,880 INFO spawned: 'nginx' with pid 8
2025-08-18 02:01:15,884 INFO spawned: 'cron' with pid 9
2025-08-18 02:01:15,925 WARN exited: php-fpm (exit status 78; not expected)
2025-08-18 02:01:16,930 INFO spawned: 'php-fpm' with pid 18
2025-08-18 02:01:16,931 INFO success: nginx entered RUNNING state, process has stayed up for > than 1 seconds (startsecs)
2025-08-18 02:01:16,931 INFO success: cron entered RUNNING state, process has stayed up for > than 1 seconds (startsecs)
2025-08-18 02:01:16,990 WARN exited: php-fpm (exit status 78; not expected)
2025-08-18 02:01:18,994 INFO spawned: 'php-fpm' with pid 19
2025-08-18 02:01:19,018 WARN exited: php-fpm (exit status 78; not expected)
2025-08-18 02:01:22,022 INFO spawned: 'php-fpm' with pid 20
2025-08-18 02:01:22,038 WARN exited: php-fpm (exit status 78; not expected)
2025-08-18 02:01:23,039 INFO gave up: php-fpm entered FATAL state, too many start retries too quickly
2025-08-18 02:03:19,197 WARN received SIGQUIT indicating exit request
2025-08-18 02:03:19,198 INFO waiting for nginx, cron to die
2025-08-18 02:03:19,198 WARN stopped: cron (terminated by SIGTERM)
2025-08-18 02:03:19,202 INFO stopped: nginx (exit status 0)
2025-08-18 02:10:07,796 INFO Set uid to user 0 succeeded
2025-08-18 02:10:07,799 INFO supervisord started with pid 1
2025-08-18 02:10:08,801 INFO spawned: 'php-fpm' with pid 7
2025-08-18 02:10:08,804 INFO spawned: 'nginx' with pid 8
2025-08-18 02:10:08,806 INFO spawned: 'cron' with pid 9
2025-08-18 02:10:08,829 WARN exited: php-fpm (exit status 78; not expected)
2025-08-18 02:10:09,831 INFO spawned: 'php-fpm' with pid 18
2025-08-18 02:10:09,832 INFO success: nginx entered RUNNING state, process has stayed up for > than 1 seconds (startsecs)
2025-08-18 02:10:09,832 INFO success: cron entered RUNNING state, process has stayed up for > than 1 seconds (startsecs)
2025-08-18 02:10:09,861 WARN exited: php-fpm (exit status 78; not expected)
2025-08-18 02:10:11,865 INFO spawned: 'php-fpm' with pid 19
2025-08-18 02:10:11,880 WARN exited: php-fpm (exit status 78; not expected)
2025-08-18 02:10:14,884 INFO spawned: 'php-fpm' with pid 20
2025-08-18 02:10:14,900 WARN exited: php-fpm (exit status 78; not expected)
2025-08-18 02:10:15,900 INFO gave up: php-fpm entered FATAL state, too many start retries too quickly
2025-08-18 02:14:51,408 WARN received SIGQUIT indicating exit request
2025-08-18 02:14:51,408 INFO waiting for nginx, cron to die
2025-08-18 02:14:51,408 WARN stopped: cron (terminated by SIGTERM)
2025-08-18 02:14:51,412 INFO stopped: nginx (exit status 0)
2025-08-18 02:14:52,224 INFO Set uid to user 0 succeeded
2025-08-18 02:14:52,225 INFO supervisord started with pid 1
2025-08-18 02:14:53,227 INFO spawned: 'php-fpm' with pid 7
2025-08-18 02:14:53,229 INFO spawned: 'nginx' with pid 8
2025-08-18 02:14:53,231 INFO spawned: 'cron' with pid 9
2025-08-18 02:14:54,248 INFO success: php-fpm entered RUNNING state, process has stayed up for > than 1 seconds (startsecs)
2025-08-18 02:14:54,248 INFO success: nginx entered RUNNING state, process has stayed up for > than 1 seconds (startsecs)
2025-08-18 02:14:54,248 INFO success: cron entered RUNNING state, process has stayed up for > than 1 seconds (startsecs)
2025-08-18 22:56:49,328 WARN received SIGQUIT indicating exit request
2025-08-18 22:56:49,334 INFO waiting for php-fpm, nginx, cron to die
2025-08-18 22:56:49,335 WARN stopped: cron (terminated by SIGTERM)
2025-08-18 22:56:49,355 INFO stopped: nginx (exit status 0)
2025-08-18 22:56:49,413 INFO stopped: php-fpm (exit status 0)
2025-08-18 22:56:50,572 INFO Set uid to user 0 succeeded
2025-08-18 22:56:50,575 INFO supervisord started with pid 1
2025-08-18 22:56:51,579 INFO spawned: 'php-fpm' with pid 7
2025-08-18 22:56:51,583 INFO spawned: 'nginx' with pid 8
2025-08-18 22:56:51,585 INFO spawned: 'cron' with pid 9
2025-08-18 22:56:51,639 WARN exited: php-fpm (exit status 78; not expected)
2025-08-18 22:56:52,642 INFO spawned: 'php-fpm' with pid 18
2025-08-18 22:56:52,642 INFO success: nginx entered RUNNING state, process has stayed up for > than 1 seconds (startsecs)
2025-08-18 22:56:52,643 INFO success: cron entered RUNNING state, process has stayed up for > than 1 seconds (startsecs)
2025-08-18 22:56:52,658 WARN exited: php-fpm (exit status 78; not expected)
2025-08-18 22:56:54,790 INFO spawned: 'php-fpm' with pid 19
2025-08-18 22:56:54,807 WARN exited: php-fpm (exit status 78; not expected)
2025-08-18 22:56:57,814 INFO spawned: 'php-fpm' with pid 20
2025-08-18 22:56:57,831 WARN exited: php-fpm (exit status 78; not expected)
2025-08-18 22:56:58,833 INFO gave up: php-fpm entered FATAL state, too many start retries too quickly
2025-08-18 22:57:23,859 WARN received SIGQUIT indicating exit request
2025-08-18 22:57:23,860 INFO waiting for nginx, cron to die
2025-08-18 22:57:23,860 WARN stopped: cron (terminated by SIGTERM)
2025-08-18 22:57:23,863 INFO stopped: nginx (exit status 0)
2025-08-18 22:57:24,858 INFO Set uid to user 0 succeeded
2025-08-18 22:57:24,861 INFO supervisord started with pid 1
2025-08-18 22:57:25,863 INFO spawned: 'php-fpm' with pid 7
2025-08-18 22:57:25,865 INFO spawned: 'nginx' with pid 8
2025-08-18 22:57:25,867 INFO spawned: 'cron' with pid 9
2025-08-18 22:57:25,881 WARN exited: php-fpm (exit status 78; not expected)
2025-08-18 22:57:26,884 INFO spawned: 'php-fpm' with pid 18
2025-08-18 22:57:26,885 INFO success: nginx entered RUNNING state, process has stayed up for > than 1 seconds (startsecs)
2025-08-18 22:57:26,885 INFO success: cron entered RUNNING state, process has stayed up for > than 1 seconds (startsecs)
2025-08-18 22:57:26,901 WARN exited: php-fpm (exit status 78; not expected)
2025-08-18 22:57:28,907 INFO spawned: 'php-fpm' with pid 19
2025-08-18 22:57:28,924 WARN exited: php-fpm (exit status 78; not expected)
2025-08-18 22:57:31,932 INFO spawned: 'php-fpm' with pid 20
2025-08-18 22:57:31,950 WARN exited: php-fpm (exit status 78; not expected)
2025-08-18 22:57:32,951 INFO gave up: php-fpm entered FATAL state, too many start retries too quickly
2025-08-18 22:58:09,147 WARN received SIGQUIT indicating exit request
2025-08-18 22:58:09,150 INFO waiting for nginx, cron to die
2025-08-18 22:58:09,151 WARN stopped: cron (terminated by SIGTERM)
2025-08-18 22:58:09,157 INFO stopped: nginx (exit status 0)
2025-08-18 22:58:09,970 INFO Set uid to user 0 succeeded
2025-08-18 22:58:09,975 INFO supervisord started with pid 1
2025-08-18 22:58:10,979 INFO spawned: 'php-fpm' with pid 7
2025-08-18 22:58:10,982 INFO spawned: 'nginx' with pid 8
2025-08-18 22:58:10,983 INFO spawned: 'cron' with pid 9
2025-08-18 22:58:12,004 INFO success: php-fpm entered RUNNING state, process has stayed up for > than 1 seconds (startsecs)
2025-08-18 22:58:12,004 INFO success: nginx entered RUNNING state, process has stayed up for > than 1 seconds (startsecs)
2025-08-18 22:58:12,004 INFO success: cron entered RUNNING state, process has stayed up for > than 1 seconds (startsecs)
2025-08-18 23:05:55,234 WARN received SIGQUIT indicating exit request
2025-08-18 23:05:55,235 INFO waiting for php-fpm, nginx, cron to die
2025-08-18 23:05:55,236 WARN stopped: cron (terminated by SIGTERM)
2025-08-18 23:05:55,243 INFO stopped: nginx (exit status 0)
2025-08-18 23:05:55,251 INFO stopped: php-fpm (exit status 0)
2025-08-18 23:05:56,123 INFO Set uid to user 0 succeeded
2025-08-18 23:05:56,126 INFO supervisord started with pid 1
2025-08-18 23:05:57,266 INFO spawned: 'php-fpm' with pid 7
2025-08-18 23:05:57,270 INFO spawned: 'nginx' with pid 8
2025-08-18 23:05:57,271 INFO spawned: 'cron' with pid 9
2025-08-18 23:05:58,292 INFO success: php-fpm entered RUNNING state, process has stayed up for > than 1 seconds (startsecs)
2025-08-18 23:05:58,292 INFO success: nginx entered RUNNING state, process has stayed up for > than 1 seconds (startsecs)
2025-08-18 23:05:58,292 INFO success: cron entered RUNNING state, process has stayed up for > than 1 seconds (startsecs)
2025-08-18 23:16:45,292 WARN received SIGQUIT indicating exit request
2025-08-18 23:16:45,294 INFO waiting for php-fpm, nginx, cron to die
2025-08-18 23:16:45,294 WARN stopped: cron (terminated by SIGTERM)
2025-08-18 23:16:45,300 INFO stopped: nginx (exit status 0)
2025-08-18 23:16:45,305 INFO stopped: php-fpm (exit status 0)
2025-08-18 23:16:46,193 INFO Set uid to user 0 succeeded
2025-08-18 23:16:46,196 INFO supervisord started with pid 1
2025-08-18 23:16:47,199 INFO spawned: 'php-fpm' with pid 7
2025-08-18 23:16:47,203 INFO spawned: 'nginx' with pid 8
2025-08-18 23:16:47,205 INFO spawned: 'cron' with pid 9
2025-08-18 23:16:48,221 INFO success: php-fpm entered RUNNING state, process has stayed up for > than 1 seconds (startsecs)
2025-08-18 23:16:48,221 INFO success: nginx entered RUNNING state, process has stayed up for > than 1 seconds (startsecs)
2025-08-18 23:16:48,221 INFO success: cron entered RUNNING state, process has stayed up for > than 1 seconds (startsecs)
2025-08-18 23:29:21,981 WARN received SIGQUIT indicating exit request
2025-08-18 23:29:21,983 INFO waiting for php-fpm, nginx, cron to die
2025-08-18 23:29:21,983 WARN stopped: cron (terminated by SIGTERM)
2025-08-18 23:29:21,990 INFO stopped: nginx (exit status 0)
2025-08-18 23:29:22,011 INFO stopped: php-fpm (exit status 0)
2025-08-18 23:29:23,092 INFO Set uid to user 0 succeeded
2025-08-18 23:29:23,095 INFO supervisord started with pid 1
2025-08-18 23:29:24,097 INFO spawned: 'php-fpm' with pid 7
2025-08-18 23:29:24,098 INFO spawned: 'nginx' with pid 8
2025-08-18 23:29:24,100 INFO spawned: 'cron' with pid 9
2025-08-18 23:29:25,157 INFO success: php-fpm entered RUNNING state, process has stayed up for > than 1 seconds (startsecs)
2025-08-18 23:29:25,157 INFO success: nginx entered RUNNING state, process has stayed up for > than 1 seconds (startsecs)
2025-08-18 23:29:25,157 INFO success: cron entered RUNNING state, process has stayed up for > than 1 seconds (startsecs)
2025-08-18 23:30:24,541 WARN received SIGQUIT indicating exit request
2025-08-18 23:30:24,543 INFO waiting for php-fpm, nginx, cron to die
2025-08-18 23:30:24,544 WARN stopped: cron (terminated by SIGTERM)
2025-08-18 23:30:24,549 INFO stopped: nginx (exit status 0)
2025-08-18 23:30:24,555 INFO stopped: php-fpm (exit status 0)
2025-08-18 23:30:25,860 INFO Set uid to user 0 succeeded
2025-08-18 23:30:25,865 INFO supervisord started with pid 1
2025-08-18 23:30:26,868 INFO spawned: 'php-fpm' with pid 7
2025-08-18 23:30:26,870 INFO spawned: 'nginx' with pid 8
2025-08-18 23:30:26,872 INFO spawned: 'cron' with pid 9
2025-08-18 23:30:27,901 INFO success: php-fpm entered RUNNING state, process has stayed up for > than 1 seconds (startsecs)
2025-08-18 23:30:27,901 INFO success: nginx entered RUNNING state, process has stayed up for > than 1 seconds (startsecs)
2025-08-18 23:30:27,901 INFO success: cron entered RUNNING state, process has stayed up for > than 1 seconds (startsecs)
2025-08-19 22:27:32,412 INFO Set uid to user 0 succeeded
2025-08-19 22:27:32,415 INFO supervisord started with pid 1
2025-08-19 22:27:33,417 INFO spawned: 'php-fpm' with pid 7
2025-08-19 22:27:33,419 INFO spawned: 'nginx' with pid 8
2025-08-19 22:27:33,420 INFO spawned: 'cron' with pid 9
2025-08-19 22:27:34,501 INFO success: php-fpm entered RUNNING state, process has stayed up for > than 1 seconds (startsecs)
2025-08-19 22:27:34,501 INFO success: nginx entered RUNNING state, process has stayed up for > than 1 seconds (startsecs)
2025-08-19 22:27:34,501 INFO success: cron entered RUNNING state, process has stayed up for > than 1 seconds (startsecs)
2025-08-19 22:44:16,205 WARN received SIGQUIT indicating exit request
2025-08-19 22:44:16,206 INFO waiting for php-fpm, nginx, cron to die
2025-08-19 22:44:16,206 WARN stopped: cron (terminated by SIGTERM)
2025-08-19 22:44:16,210 INFO stopped: nginx (exit status 0)
2025-08-19 22:44:16,221 INFO stopped: php-fpm (exit status 0)
2025-08-19 20:44:17,206 INFO Set uid to user 0 succeeded
2025-08-19 20:44:17,209 INFO supervisord started with pid 1
2025-08-19 20:44:18,211 INFO spawned: 'php-fpm' with pid 7
2025-08-19 20:44:18,213 INFO spawned: 'nginx' with pid 8
2025-08-19 20:44:18,215 INFO spawned: 'cron' with pid 9
2025-08-19 20:44:19,249 INFO success: php-fpm entered RUNNING state, process has stayed up for > than 1 seconds (startsecs)
2025-08-19 20:44:19,249 INFO success: nginx entered RUNNING state, process has stayed up for > than 1 seconds (startsecs)
2025-08-19 20:44:19,249 INFO success: cron entered RUNNING state, process has stayed up for > than 1 seconds (startsecs)
2025-08-19 20:50:18,298 WARN received SIGQUIT indicating exit request
2025-08-19 20:50:18,299 INFO waiting for php-fpm, nginx, cron to die
2025-08-19 20:50:18,299 WARN stopped: cron (terminated by SIGTERM)
2025-08-19 20:50:18,304 INFO stopped: nginx (exit status 0)
2025-08-19 20:50:18,320 INFO stopped: php-fpm (exit status 0)
2025-08-19 20:50:26,458 INFO Set uid to user 0 succeeded
2025-08-19 20:50:26,460 INFO supervisord started with pid 1
2025-08-19 20:50:27,464 INFO spawned: 'php-fpm' with pid 7
2025-08-19 20:50:27,468 INFO spawned: 'nginx' with pid 8
2025-08-19 20:50:27,470 INFO spawned: 'cron' with pid 9
2025-08-19 20:50:28,510 INFO success: php-fpm entered RUNNING state, process has stayed up for > than 1 seconds (startsecs)
2025-08-19 20:50:28,510 INFO success: nginx entered RUNNING state, process has stayed up for > than 1 seconds (startsecs)
2025-08-19 20:50:28,510 INFO success: cron entered RUNNING state, process has stayed up for > than 1 seconds (startsecs)
2025-08-19 20:51:16,724 WARN received SIGQUIT indicating exit request
2025-08-19 20:51:16,726 INFO waiting for php-fpm, nginx, cron to die
2025-08-19 20:51:16,727 WARN stopped: cron (terminated by SIGTERM)
2025-08-19 20:51:16,731 INFO stopped: nginx (exit status 0)
2025-08-19 20:51:16,745 INFO stopped: php-fpm (exit status 0)
2025-08-19 20:51:30,011 INFO Set uid to user 0 succeeded
2025-08-19 20:51:30,014 INFO supervisord started with pid 1
2025-08-19 20:51:31,017 INFO spawned: 'php-fpm' with pid 7
2025-08-19 20:51:31,020 INFO spawned: 'nginx' with pid 8
2025-08-19 20:51:31,022 INFO spawned: 'cron' with pid 9
2025-08-19 20:51:32,062 INFO success: php-fpm entered RUNNING state, process has stayed up for > than 1 seconds (startsecs)
2025-08-19 20:51:32,062 INFO success: nginx entered RUNNING state, process has stayed up for > than 1 seconds (startsecs)
2025-08-19 20:51:32,062 INFO success: cron entered RUNNING state, process has stayed up for > than 1 seconds (startsecs)
2025-08-19 21:01:12,443 WARN received SIGQUIT indicating exit request
2025-08-19 21:01:12,445 INFO waiting for php-fpm, nginx, cron to die
2025-08-19 21:01:12,446 WARN stopped: cron (terminated by SIGTERM)
2025-08-19 21:01:12,449 INFO stopped: nginx (exit status 0)
2025-08-19 21:01:12,459 INFO stopped: php-fpm (exit status 0)
2025-08-19 21:01:25,802 INFO Set uid to user 0 succeeded
2025-08-19 21:01:25,805 INFO supervisord started with pid 1
2025-08-19 21:01:26,808 INFO spawned: 'php-fpm' with pid 7
2025-08-19 21:01:26,811 INFO spawned: 'nginx' with pid 8
2025-08-19 21:01:26,812 INFO spawned: 'cron' with pid 9
2025-08-19 21:01:27,846 INFO success: php-fpm entered RUNNING state, process has stayed up for > than 1 seconds (startsecs)
2025-08-19 21:01:27,846 INFO success: nginx entered RUNNING state, process has stayed up for > than 1 seconds (startsecs)
2025-08-19 21:01:27,846 INFO success: cron entered RUNNING state, process has stayed up for > than 1 seconds (startsecs)
2025-08-19 21:01:47,045 WARN received SIGQUIT indicating exit request
2025-08-19 21:01:47,046 INFO waiting for php-fpm, nginx, cron to die
2025-08-19 21:01:47,046 WARN stopped: cron (terminated by SIGTERM)
2025-08-19 21:01:47,050 INFO stopped: nginx (exit status 0)
2025-08-19 21:01:47,053 INFO stopped: php-fpm (exit status 0)
2025-08-19 21:02:11,938 INFO Set uid to user 0 succeeded
2025-08-19 21:02:11,941 INFO supervisord started with pid 1
2025-08-19 21:02:12,944 INFO spawned: 'php-fpm' with pid 7
2025-08-19 21:02:12,946 INFO spawned: 'nginx' with pid 8
2025-08-19 21:02:12,947 INFO spawned: 'cron' with pid 9
2025-08-19 21:02:13,967 INFO success: php-fpm entered RUNNING state, process has stayed up for > than 1 seconds (startsecs)
2025-08-19 21:02:13,967 INFO success: nginx entered RUNNING state, process has stayed up for > than 1 seconds (startsecs)
2025-08-19 21:02:13,967 INFO success: cron entered RUNNING state, process has stayed up for > than 1 seconds (startsecs)
2025-08-19 21:06:08,303 WARN received SIGQUIT indicating exit request
2025-08-19 21:06:08,303 INFO waiting for php-fpm, nginx, cron to die
2025-08-19 21:06:08,304 WARN stopped: cron (terminated by SIGTERM)
2025-08-19 21:06:08,308 INFO stopped: nginx (exit status 0)
2025-08-19 21:06:08,320 INFO stopped: php-fpm (exit status 0)
2025-08-20 00:52:40,565 INFO Set uid to user 0 succeeded
2025-08-20 00:52:40,568 INFO supervisord started with pid 1
2025-08-20 00:52:41,570 INFO spawned: 'php-fpm' with pid 7
2025-08-20 00:52:41,573 INFO spawned: 'nginx' with pid 8
2025-08-20 00:52:41,577 INFO spawned: 'cron' with pid 9
2025-08-20 00:52:42,680 INFO success: php-fpm entered RUNNING state, process has stayed up for > than 1 seconds (startsecs)
2025-08-20 00:52:42,680 INFO success: nginx entered RUNNING state, process has stayed up for > than 1 seconds (startsecs)
2025-08-20 00:52:42,680 INFO success: cron entered RUNNING state, process has stayed up for > than 1 seconds (startsecs)
2025-08-20 16:00:35,300 WARN received SIGQUIT indicating exit request
2025-08-20 16:00:35,301 INFO waiting for php-fpm, nginx, cron to die
2025-08-20 16:00:35,301 WARN stopped: cron (terminated by SIGTERM)
2025-08-20 16:00:35,308 INFO stopped: nginx (exit status 0)
2025-08-20 16:00:35,316 INFO stopped: php-fpm (exit status 0)
2025-08-20 18:00:36,331 INFO Set uid to user 0 succeeded
2025-08-20 18:00:36,337 INFO supervisord started with pid 1
2025-08-20 18:00:37,339 INFO spawned: 'php-fpm' with pid 7
2025-08-20 18:00:37,341 INFO spawned: 'nginx' with pid 8
2025-08-20 18:00:37,343 INFO spawned: 'cron' with pid 9
2025-08-20 18:00:38,365 INFO success: php-fpm entered RUNNING state, process has stayed up for > than 1 seconds (startsecs)
2025-08-20 18:00:38,365 INFO success: nginx entered RUNNING state, process has stayed up for > than 1 seconds (startsecs)
2025-08-20 18:00:38,365 INFO success: cron entered RUNNING state, process has stayed up for > than 1 seconds (startsecs)
2025-08-20 18:20:10,516 WARN received SIGQUIT indicating exit request
2025-08-20 18:20:10,518 INFO waiting for php-fpm, nginx, cron to die
2025-08-20 18:20:10,519 WARN stopped: cron (terminated by SIGTERM)
2025-08-20 18:20:10,523 INFO stopped: nginx (exit status 0)
2025-08-20 18:20:10,535 INFO stopped: php-fpm (exit status 0)
2025-08-20 16:34:32,986 INFO Set uid to user 0 succeeded
2025-08-20 16:34:32,991 INFO supervisord started with pid 1
2025-08-20 16:34:33,993 INFO spawned: 'php-fpm' with pid 7
2025-08-20 16:34:33,996 INFO spawned: 'nginx' with pid 8
2025-08-20 16:34:33,998 INFO spawned: 'cron' with pid 9
2025-08-20 16:34:35,042 INFO success: php-fpm entered RUNNING state, process has stayed up for > than 1 seconds (startsecs)
2025-08-20 16:34:35,042 INFO success: nginx entered RUNNING state, process has stayed up for > than 1 seconds (startsecs)
2025-08-20 16:34:35,042 INFO success: cron entered RUNNING state, process has stayed up for > than 1 seconds (startsecs)
2025-08-20 19:21:51,976 WARN received SIGQUIT indicating exit request
2025-08-20 19:21:51,979 INFO waiting for php-fpm, nginx, cron to die
2025-08-20 19:21:51,980 WARN stopped: cron (terminated by SIGTERM)
2025-08-20 19:21:51,992 INFO stopped: nginx (exit status 0)
2025-08-20 19:21:53,028 INFO stopped: php-fpm (exit status 0)
2025-08-20 19:21:57,470 INFO Set uid to user 0 succeeded
2025-08-20 19:21:57,473 INFO supervisord started with pid 1
2025-08-20 19:21:58,477 INFO spawned: 'php-fpm' with pid 7
2025-08-20 19:21:58,479 INFO spawned: 'nginx' with pid 8
2025-08-20 19:21:58,481 INFO spawned: 'cron' with pid 9
2025-08-20 19:21:59,538 INFO success: php-fpm entered RUNNING state, process has stayed up for > than 1 seconds (startsecs)
2025-08-20 19:21:59,538 INFO success: nginx entered RUNNING state, process has stayed up for > than 1 seconds (startsecs)
2025-08-20 19:21:59,538 INFO success: cron entered RUNNING state, process has stayed up for > than 1 seconds (startsecs)
2025-08-20 19:22:02,543 WARN received SIGQUIT indicating exit request
2025-08-20 19:22:02,544 INFO waiting for php-fpm, nginx, cron to die
2025-08-20 19:22:02,544 WARN stopped: cron (terminated by SIGTERM)
2025-08-20 19:22:02,548 INFO stopped: nginx (exit status 0)
2025-08-20 19:22:02,552 INFO stopped: php-fpm (exit status 0)
2025-08-20 19:24:32,045 INFO Set uid to user 0 succeeded
2025-08-20 19:24:32,048 INFO supervisord started with pid 1
2025-08-20 19:24:33,052 INFO spawned: 'php-fpm' with pid 7
2025-08-20 19:24:33,055 INFO spawned: 'nginx' with pid 8
2025-08-20 19:24:33,056 INFO spawned: 'cron' with pid 9
2025-08-20 19:24:34,076 INFO success: php-fpm entered RUNNING state, process has stayed up for > than 1 seconds (startsecs)
2025-08-20 19:24:34,077 INFO success: nginx entered RUNNING state, process has stayed up for > than 1 seconds (startsecs)
2025-08-20 19:24:34,077 INFO success: cron entered RUNNING state, process has stayed up for > than 1 seconds (startsecs)
2025-08-20 19:39:06,684 WARN received SIGQUIT indicating exit request
2025-08-20 19:39:06,687 INFO waiting for php-fpm, nginx, cron to die
2025-08-20 19:39:06,687 WARN stopped: cron (terminated by SIGTERM)
2025-08-20 19:39:06,692 INFO stopped: nginx (exit status 0)
2025-08-20 19:39:06,704 INFO stopped: php-fpm (exit status 0)
2025-08-20 19:41:43,114 INFO Set uid to user 0 succeeded
2025-08-20 19:41:43,117 INFO supervisord started with pid 1
2025-08-20 19:41:44,120 INFO spawned: 'php-fpm' with pid 7
2025-08-20 19:41:44,123 INFO spawned: 'nginx' with pid 8
2025-08-20 19:41:44,125 INFO spawned: 'cron' with pid 9
2025-08-20 19:41:45,147 INFO success: php-fpm entered RUNNING state, process has stayed up for > than 1 seconds (startsecs)
2025-08-20 19:41:45,147 INFO success: nginx entered RUNNING state, process has stayed up for > than 1 seconds (startsecs)
2025-08-20 19:41:45,147 INFO success: cron entered RUNNING state, process has stayed up for > than 1 seconds (startsecs)
2025-08-20 20:00:14,263 WARN received SIGQUIT indicating exit request
2025-08-20 20:00:14,264 INFO waiting for php-fpm, nginx, cron to die
2025-08-20 20:00:14,265 WARN stopped: cron (terminated by SIGTERM)
2025-08-20 20:00:14,286 INFO stopped: nginx (exit status 0)
2025-08-20 20:00:14,303 INFO stopped: php-fpm (exit status 0)
2025-08-20 20:05:38,170 INFO Set uid to user 0 succeeded
2025-08-20 20:05:38,174 INFO supervisord started with pid 1
2025-08-20 20:05:39,182 INFO spawned: 'php-fpm' with pid 7
2025-08-20 20:05:39,188 INFO spawned: 'nginx' with pid 8
2025-08-20 20:05:39,191 INFO spawned: 'cron' with pid 9
2025-08-20 20:05:40,347 INFO success: php-fpm entered RUNNING state, process has stayed up for > than 1 seconds (startsecs)
2025-08-20 20:05:40,347 INFO success: nginx entered RUNNING state, process has stayed up for > than 1 seconds (startsecs)
2025-08-20 20:05:40,347 INFO success: cron entered RUNNING state, process has stayed up for > than 1 seconds (startsecs)
2025-08-20 20:09:11,749 WARN received SIGQUIT indicating exit request
2025-08-20 20:09:11,749 INFO waiting for php-fpm, nginx, cron to die
2025-08-20 20:09:11,750 WARN stopped: cron (terminated by SIGTERM)
2025-08-20 20:09:11,753 INFO stopped: nginx (exit status 0)
2025-08-20 20:09:11,757 INFO stopped: php-fpm (exit status 0)
2025-08-20 20:11:50,613 INFO Set uid to user 0 succeeded
2025-08-20 20:11:50,617 INFO supervisord started with pid 1
2025-08-20 20:11:51,621 INFO spawned: 'php-fpm' with pid 7
2025-08-20 20:11:51,625 INFO spawned: 'nginx' with pid 8
2025-08-20 20:11:51,627 INFO spawned: 'cron' with pid 9
2025-08-20 20:11:52,644 INFO success: php-fpm entered RUNNING state, process has stayed up for > than 1 seconds (startsecs)
2025-08-20 20:11:52,644 INFO success: nginx entered RUNNING state, process has stayed up for > than 1 seconds (startsecs)
2025-08-20 20:11:52,644 INFO success: cron entered RUNNING state, process has stayed up for > than 1 seconds (startsecs)
2025-08-20 20:17:14,069 WARN received SIGQUIT indicating exit request
2025-08-20 20:17:14,069 INFO waiting for php-fpm, nginx, cron to die
2025-08-20 20:17:14,070 WARN stopped: cron (terminated by SIGTERM)
2025-08-20 20:17:14,074 INFO stopped: nginx (exit status 0)
2025-08-20 20:17:14,079 INFO stopped: php-fpm (exit status 0)
2025-08-20 20:21:12,363 INFO Set uid to user 0 succeeded
2025-08-20 20:21:12,367 INFO supervisord started with pid 1
2025-08-20 20:21:13,372 INFO spawned: 'php-fpm' with pid 7
2025-08-20 20:21:13,375 INFO spawned: 'nginx' with pid 8
2025-08-20 20:21:13,378 INFO spawned: 'cron' with pid 9
2025-08-20 20:21:14,408 INFO success: php-fpm entered RUNNING state, process has stayed up for > than 1 seconds (startsecs)
2025-08-20 20:21:14,408 INFO success: nginx entered RUNNING state, process has stayed up for > than 1 seconds (startsecs)
2025-08-20 20:21:14,408 INFO success: cron entered RUNNING state, process has stayed up for > than 1 seconds (startsecs)
2025-08-21 07:37:39,426 INFO Set uid to user 0 succeeded
2025-08-21 07:37:39,429 INFO supervisord started with pid 1
2025-08-21 07:37:40,432 INFO spawned: 'php-fpm' with pid 7
2025-08-21 07:37:40,435 INFO spawned: 'nginx' with pid 8
2025-08-21 07:37:40,437 INFO spawned: 'cron' with pid 9
2025-08-21 07:37:41,465 INFO success: php-fpm entered RUNNING state, process has stayed up for > than 1 seconds (startsecs)
2025-08-21 07:37:41,465 INFO success: nginx entered RUNNING state, process has stayed up for > than 1 seconds (startsecs)
2025-08-21 07:37:41,465 INFO success: cron entered RUNNING state, process has stayed up for > than 1 seconds (startsecs)
2025-08-21 14:37:11,047 WARN received SIGQUIT indicating exit request
2025-08-21 14:37:11,047 INFO waiting for php-fpm, nginx, cron to die
2025-08-21 14:37:11,048 WARN stopped: cron (terminated by SIGTERM)
2025-08-21 14:37:11,053 INFO stopped: nginx (exit status 0)
2025-08-21 14:37:11,059 INFO stopped: php-fpm (exit status 0)
2025-08-21 14:37:12,395 INFO Set uid to user 0 succeeded
2025-08-21 14:37:12,398 INFO supervisord started with pid 1
2025-08-21 14:37:13,401 INFO spawned: 'php-fpm' with pid 7
2025-08-21 14:37:13,404 INFO spawned: 'nginx' with pid 8
2025-08-21 14:37:13,407 INFO spawned: 'cron' with pid 9
2025-08-21 14:37:14,441 INFO success: php-fpm entered RUNNING state, process has stayed up for > than 1 seconds (startsecs)
2025-08-21 14:37:14,441 INFO success: nginx entered RUNNING state, process has stayed up for > than 1 seconds (startsecs)
2025-08-21 14:37:14,441 INFO success: cron entered RUNNING state, process has stayed up for > than 1 seconds (startsecs)
2025-08-21 14:40:04,505 WARN received SIGQUIT indicating exit request
2025-08-21 14:40:04,505 INFO waiting for php-fpm, nginx, cron to die
2025-08-21 14:40:04,506 WARN stopped: cron (terminated by SIGTERM)
2025-08-21 14:40:04,510 INFO stopped: nginx (exit status 0)
2025-08-21 14:40:04,515 INFO stopped: php-fpm (exit status 0)
2025-08-21 14:40:05,623 INFO Set uid to user 0 succeeded
2025-08-21 14:40:05,625 INFO supervisord started with pid 1
2025-08-21 14:40:06,628 INFO spawned: 'php-fpm' with pid 7
2025-08-21 14:40:06,630 INFO spawned: 'nginx' with pid 8
2025-08-21 14:40:06,632 INFO spawned: 'cron' with pid 9
2025-08-21 14:40:07,652 INFO success: php-fpm entered RUNNING state, process has stayed up for > than 1 seconds (startsecs)
2025-08-21 14:40:07,652 INFO success: nginx entered RUNNING state, process has stayed up for > than 1 seconds (startsecs)
2025-08-21 14:40:07,652 INFO success: cron entered RUNNING state, process has stayed up for > than 1 seconds (startsecs)
2025-08-21 14:44:18,150 WARN received SIGQUIT indicating exit request
2025-08-21 14:44:18,152 INFO waiting for php-fpm, nginx, cron to die
2025-08-21 14:44:18,153 WARN stopped: cron (terminated by SIGTERM)
2025-08-21 14:44:18,171 INFO stopped: nginx (exit status 0)
2025-08-21 14:44:18,180 INFO stopped: php-fpm (exit status 0)
2025-08-21 14:44:20,121 INFO Set uid to user 0 succeeded
2025-08-21 14:44:20,125 INFO supervisord started with pid 1
2025-08-21 14:44:21,128 INFO spawned: 'php-fpm' with pid 7
2025-08-21 14:44:21,131 INFO spawned: 'nginx' with pid 8
2025-08-21 14:44:21,133 INFO spawned: 'cron' with pid 9
2025-08-21 14:44:22,159 INFO success: php-fpm entered RUNNING state, process has stayed up for > than 1 seconds (startsecs)
2025-08-21 14:44:22,159 INFO success: nginx entered RUNNING state, process has stayed up for > than 1 seconds (startsecs)
2025-08-21 14:44:22,159 INFO success: cron entered RUNNING state, process has stayed up for > than 1 seconds (startsecs)
2025-08-21 14:51:45,024 WARN received SIGQUIT indicating exit request
2025-08-21 14:51:45,025 INFO waiting for php-fpm, nginx, cron to die
2025-08-21 14:51:45,025 WARN stopped: cron (terminated by SIGTERM)
2025-08-21 14:51:45,030 INFO stopped: nginx (exit status 0)
2025-08-21 14:51:45,038 INFO stopped: php-fpm (exit status 0)
2025-08-21 14:51:46,585 INFO Set uid to user 0 succeeded
2025-08-21 14:51:46,591 INFO supervisord started with pid 1
2025-08-21 14:51:47,595 INFO spawned: 'php-fpm' with pid 7
2025-08-21 14:51:47,598 INFO spawned: 'nginx' with pid 8
2025-08-21 14:51:47,600 INFO spawned: 'cron' with pid 9
2025-08-21 14:51:48,627 INFO success: php-fpm entered RUNNING state, process has stayed up for > than 1 seconds (startsecs)
2025-08-21 14:51:48,627 INFO success: nginx entered RUNNING state, process has stayed up for > than 1 seconds (startsecs)
2025-08-21 14:51:48,628 INFO success: cron entered RUNNING state, process has stayed up for > than 1 seconds (startsecs)
2025-08-21 15:05:01,839 INFO reaped unknown pid 1180 (exit status 0)
2025-08-21 15:10:01,161 INFO reaped unknown pid 1230 (exit status 0)
2025-08-22 13:50:54,981 INFO Set uid to user 0 succeeded
2025-08-22 13:50:54,984 INFO supervisord started with pid 1
2025-08-22 13:50:55,986 INFO spawned: 'php-fpm' with pid 7
2025-08-22 13:50:55,989 INFO spawned: 'nginx' with pid 8
2025-08-22 13:50:55,992 INFO spawned: 'cron' with pid 9
2025-08-22 13:50:57,046 INFO success: php-fpm entered RUNNING state, process has stayed up for > than 1 seconds (startsecs)
2025-08-22 13:50:57,046 INFO success: nginx entered RUNNING state, process has stayed up for > than 1 seconds (startsecs)
2025-08-22 13:50:57,046 INFO success: cron entered RUNNING state, process has stayed up for > than 1 seconds (startsecs)
2025-08-22 14:01:45,190 WARN received SIGQUIT indicating exit request
2025-08-22 14:01:45,192 INFO waiting for php-fpm, nginx, cron to die
2025-08-22 14:01:45,194 WARN stopped: cron (terminated by SIGTERM)
2025-08-22 14:01:45,215 INFO stopped: nginx (exit status 0)
2025-08-22 14:01:45,237 INFO stopped: php-fpm (exit status 0)
2025-08-22 14:01:47,480 INFO Set uid to user 0 succeeded
2025-08-22 14:01:47,486 INFO supervisord started with pid 1
2025-08-22 14:01:48,490 INFO spawned: 'php-fpm' with pid 7
2025-08-22 14:01:48,502 INFO spawned: 'nginx' with pid 8
2025-08-22 14:01:48,508 INFO spawned: 'cron' with pid 9
2025-08-22 14:01:49,591 INFO success: php-fpm entered RUNNING state, process has stayed up for > than 1 seconds (startsecs)
2025-08-22 14:01:49,591 INFO success: nginx entered RUNNING state, process has stayed up for > than 1 seconds (startsecs)
2025-08-22 14:01:49,591 INFO success: cron entered RUNNING state, process has stayed up for > than 1 seconds (startsecs)
